<?xml version="1.0" encoding="UTF-8"?>
<testsuite xmlns:xsi="http://www.w3.org/2001/XMLSchema-instance" xsi:noNamespaceSchemaLocation="https://maven.apache.org/surefire/maven-surefire-plugin/xsd/surefire-test-report.xsd" name="com.chenyu.OrderMapperTest" time="1.727" tests="1" errors="0" skipped="0" failures="0">
  <properties>
    <property name="sun.desktop" value="windows"/>
    <property name="awt.toolkit" value="sun.awt.windows.WToolkit"/>
    <property name="java.specification.version" value="11"/>
    <property name="sun.cpu.isalist" value="amd64"/>
    <property name="sun.jnu.encoding" value="GBK"/>
    <property name="java.class.path" value="F:\PROJECTS\IDEA\Own\Springcloud\learn01\common-service\target\test-classes;F:\PROJECTS\IDEA\Own\Springcloud\learn01\common-service\target\classes;F:\App\apache-maven-3.9.5\repo\org\springframework\boot\spring-boot-devtools\2.6.2\spring-boot-devtools-2.6.2.jar;F:\App\apache-maven-3.9.5\repo\org\springframework\boot\spring-boot\2.6.2\spring-boot-2.6.2.jar;F:\App\apache-maven-3.9.5\repo\org\springframework\spring-context\5.3.18\spring-context-5.3.18.jar;F:\App\apache-maven-3.9.5\repo\org\springframework\boot\spring-boot-autoconfigure\2.6.2\spring-boot-autoconfigure-2.6.2.jar;F:\App\apache-maven-3.9.5\repo\org\springframework\boot\spring-boot-starter-test\2.6.2\spring-boot-starter-test-2.6.2.jar;F:\App\apache-maven-3.9.5\repo\org\springframework\boot\spring-boot-starter\2.6.2\spring-boot-starter-2.6.2.jar;F:\App\apache-maven-3.9.5\repo\org\springframework\boot\spring-boot-starter-logging\2.6.2\spring-boot-starter-logging-2.6.2.jar;F:\App\apache-maven-3.9.5\repo\ch\qos\logback\logback-classic\1.2.9\logback-classic-1.2.9.jar;F:\App\apache-maven-3.9.5\repo\ch\qos\logback\logback-core\1.2.9\logback-core-1.2.9.jar;F:\App\apache-maven-3.9.5\repo\org\apache\logging\log4j\log4j-to-slf4j\2.17.2\log4j-to-slf4j-2.17.2.jar;F:\App\apache-maven-3.9.5\repo\org\apache\logging\log4j\log4j-api\2.17.2\log4j-api-2.17.2.jar;F:\App\apache-maven-3.9.5\repo\org\slf4j\jul-to-slf4j\1.7.32\jul-to-slf4j-1.7.32.jar;F:\App\apache-maven-3.9.5\repo\jakarta\annotation\jakarta.annotation-api\1.3.5\jakarta.annotation-api-1.3.5.jar;F:\App\apache-maven-3.9.5\repo\org\yaml\snakeyaml\1.29\snakeyaml-1.29.jar;F:\App\apache-maven-3.9.5\repo\org\springframework\boot\spring-boot-test\2.6.2\spring-boot-test-2.6.2.jar;F:\App\apache-maven-3.9.5\repo\org\springframework\boot\spring-boot-test-autoconfigure\2.6.2\spring-boot-test-autoconfigure-2.6.2.jar;F:\App\apache-maven-3.9.5\repo\com\jayway\jsonpath\json-path\2.6.0\json-path-2.6.0.jar;F:\App\apache-maven-3.9.5\repo\net\minidev\json-smart\2.4.7\json-smart-2.4.7.jar;F:\App\apache-maven-3.9.5\repo\net\minidev\accessors-smart\2.4.7\accessors-smart-2.4.7.jar;F:\App\apache-maven-3.9.5\repo\org\ow2\asm\asm\9.1\asm-9.1.jar;F:\App\apache-maven-3.9.5\repo\org\slf4j\slf4j-api\1.7.32\slf4j-api-1.7.32.jar;F:\App\apache-maven-3.9.5\repo\jakarta\xml\bind\jakarta.xml.bind-api\2.3.3\jakarta.xml.bind-api-2.3.3.jar;F:\App\apache-maven-3.9.5\repo\jakarta\activation\jakarta.activation-api\1.2.2\jakarta.activation-api-1.2.2.jar;F:\App\apache-maven-3.9.5\repo\org\assertj\assertj-core\3.21.0\assertj-core-3.21.0.jar;F:\App\apache-maven-3.9.5\repo\org\hamcrest\hamcrest\2.2\hamcrest-2.2.jar;F:\App\apache-maven-3.9.5\repo\org\junit\jupiter\junit-jupiter\5.8.2\junit-jupiter-5.8.2.jar;F:\App\apache-maven-3.9.5\repo\org\junit\jupiter\junit-jupiter-api\5.8.2\junit-jupiter-api-5.8.2.jar;F:\App\apache-maven-3.9.5\repo\org\opentest4j\opentest4j\1.2.0\opentest4j-1.2.0.jar;F:\App\apache-maven-3.9.5\repo\org\junit\platform\junit-platform-commons\1.8.2\junit-platform-commons-1.8.2.jar;F:\App\apache-maven-3.9.5\repo\org\apiguardian\apiguardian-api\1.1.2\apiguardian-api-1.1.2.jar;F:\App\apache-maven-3.9.5\repo\org\junit\jupiter\junit-jupiter-params\5.8.2\junit-jupiter-params-5.8.2.jar;F:\App\apache-maven-3.9.5\repo\org\junit\jupiter\junit-jupiter-engine\5.8.2\junit-jupiter-engine-5.8.2.jar;F:\App\apache-maven-3.9.5\repo\org\junit\platform\junit-platform-engine\1.8.2\junit-platform-engine-1.8.2.jar;F:\App\apache-maven-3.9.5\repo\org\mockito\mockito-core\4.0.0\mockito-core-4.0.0.jar;F:\App\apache-maven-3.9.5\repo\net\bytebuddy\byte-buddy\1.11.22\byte-buddy-1.11.22.jar;F:\App\apache-maven-3.9.5\repo\net\bytebuddy\byte-buddy-agent\1.11.22\byte-buddy-agent-1.11.22.jar;F:\App\apache-maven-3.9.5\repo\org\objenesis\objenesis\3.2\objenesis-3.2.jar;F:\App\apache-maven-3.9.5\repo\org\mockito\mockito-junit-jupiter\4.0.0\mockito-junit-jupiter-4.0.0.jar;F:\App\apache-maven-3.9.5\repo\org\skyscreamer\jsonassert\1.5.0\jsonassert-1.5.0.jar;F:\App\apache-maven-3.9.5\repo\com\vaadin\external\google\android-json\0.0.20131108.vaadin1\android-json-0.0.20131108.vaadin1.jar;F:\App\apache-maven-3.9.5\repo\org\springframework\spring-core\5.3.18\spring-core-5.3.18.jar;F:\App\apache-maven-3.9.5\repo\org\springframework\spring-jcl\5.3.18\spring-jcl-5.3.18.jar;F:\App\apache-maven-3.9.5\repo\org\springframework\spring-test\5.3.18\spring-test-5.3.18.jar;F:\App\apache-maven-3.9.5\repo\org\xmlunit\xmlunit-core\2.8.4\xmlunit-core-2.8.4.jar;F:\App\apache-maven-3.9.5\repo\org\springframework\boot\spring-boot-starter-web\2.6.2\spring-boot-starter-web-2.6.2.jar;F:\App\apache-maven-3.9.5\repo\org\springframework\boot\spring-boot-starter-json\2.6.2\spring-boot-starter-json-2.6.2.jar;F:\App\apache-maven-3.9.5\repo\com\fasterxml\jackson\core\jackson-databind\2.13.2.2\jackson-databind-2.13.2.2.jar;F:\App\apache-maven-3.9.5\repo\com\fasterxml\jackson\core\jackson-annotations\2.13.2\jackson-annotations-2.13.2.jar;F:\App\apache-maven-3.9.5\repo\com\fasterxml\jackson\core\jackson-core\2.13.2\jackson-core-2.13.2.jar;F:\App\apache-maven-3.9.5\repo\com\fasterxml\jackson\datatype\jackson-datatype-jdk8\2.13.2\jackson-datatype-jdk8-2.13.2.jar;F:\App\apache-maven-3.9.5\repo\com\fasterxml\jackson\datatype\jackson-datatype-jsr310\2.13.2\jackson-datatype-jsr310-2.13.2.jar;F:\App\apache-maven-3.9.5\repo\com\fasterxml\jackson\module\jackson-module-parameter-names\2.13.2\jackson-module-parameter-names-2.13.2.jar;F:\App\apache-maven-3.9.5\repo\org\springframework\boot\spring-boot-starter-tomcat\2.6.2\spring-boot-starter-tomcat-2.6.2.jar;F:\App\apache-maven-3.9.5\repo\org\apache\tomcat\embed\tomcat-embed-core\9.0.56\tomcat-embed-core-9.0.56.jar;F:\App\apache-maven-3.9.5\repo\org\apache\tomcat\embed\tomcat-embed-el\9.0.56\tomcat-embed-el-9.0.56.jar;F:\App\apache-maven-3.9.5\repo\org\apache\tomcat\embed\tomcat-embed-websocket\9.0.56\tomcat-embed-websocket-9.0.56.jar;F:\App\apache-maven-3.9.5\repo\org\springframework\spring-web\5.3.18\spring-web-5.3.18.jar;F:\App\apache-maven-3.9.5\repo\org\springframework\spring-beans\5.3.18\spring-beans-5.3.18.jar;F:\App\apache-maven-3.9.5\repo\org\springframework\spring-webmvc\5.3.18\spring-webmvc-5.3.18.jar;F:\App\apache-maven-3.9.5\repo\org\springframework\spring-aop\5.3.18\spring-aop-5.3.18.jar;F:\App\apache-maven-3.9.5\repo\org\springframework\spring-expression\5.3.18\spring-expression-5.3.18.jar;F:\App\apache-maven-3.9.5\repo\org\projectlombok\lombok\1.18.4\lombok-1.18.4.jar;F:\App\apache-maven-3.9.5\repo\cn\hutool\hutool-all\5.3.1\hutool-all-5.3.1.jar;F:\App\apache-maven-3.9.5\repo\mysql\mysql-connector-java\8.0.11\mysql-connector-java-8.0.11.jar;F:\App\apache-maven-3.9.5\repo\com\google\protobuf\protobuf-java\2.6.0\protobuf-java-2.6.0.jar;F:\App\apache-maven-3.9.5\repo\com\alibaba\druid\1.1.10\druid-1.1.10.jar;F:\App\apache-maven-3.9.5\repo\com\baomidou\mybatis-plus-boot-starter\3.5.1\mybatis-plus-boot-starter-3.5.1.jar;F:\App\apache-maven-3.9.5\repo\com\baomidou\mybatis-plus\3.5.1\mybatis-plus-3.5.1.jar;F:\App\apache-maven-3.9.5\repo\com\baomidou\mybatis-plus-extension\3.5.1\mybatis-plus-extension-3.5.1.jar;F:\App\apache-maven-3.9.5\repo\com\baomidou\mybatis-plus-core\3.5.1\mybatis-plus-core-3.5.1.jar;F:\App\apache-maven-3.9.5\repo\com\baomidou\mybatis-plus-annotation\3.5.1\mybatis-plus-annotation-3.5.1.jar;F:\App\apache-maven-3.9.5\repo\com\github\jsqlparser\jsqlparser\4.3\jsqlparser-4.3.jar;F:\App\apache-maven-3.9.5\repo\org\mybatis\mybatis\3.5.9\mybatis-3.5.9.jar;F:\App\apache-maven-3.9.5\repo\org\mybatis\mybatis-spring\2.0.6\mybatis-spring-2.0.6.jar;F:\App\apache-maven-3.9.5\repo\org\springframework\boot\spring-boot-starter-jdbc\2.6.2\spring-boot-starter-jdbc-2.6.2.jar;F:\App\apache-maven-3.9.5\repo\com\zaxxer\HikariCP\4.0.3\HikariCP-4.0.3.jar;F:\App\apache-maven-3.9.5\repo\org\springframework\spring-jdbc\5.3.18\spring-jdbc-5.3.18.jar;F:\App\apache-maven-3.9.5\repo\org\springframework\spring-tx\5.3.18\spring-tx-5.3.18.jar;"/>
    <property name="java.vm.vendor" value="Oracle Corporation"/>
    <property name="sun.arch.data.model" value="64"/>
    <property name="user.variant" value=""/>
    <property name="java.vendor.url" value="https://openjdk.java.net/"/>
    <property name="user.timezone" value="Asia/Shanghai"/>
    <property name="java.vm.specification.version" value="11"/>
    <property name="os.name" value="Windows 10"/>
    <property name="sun.java.launcher" value="SUN_STANDARD"/>
    <property name="user.country" value="CN"/>
    <property name="sun.boot.library.path" value="F:\App\Java\jdk-11.0.20\bin"/>
    <property name="sun.java.command" value="C:\Users\10179\AppData\Local\Temp\surefire2686372211855677749\surefirebooter17153057090392798524.jar C:\Users\10179\AppData\Local\Temp\surefire2686372211855677749 2024-07-06T23-29-39_843-jvmRun1 surefire1186660513241397038tmp surefire_010271671105560527562tmp"/>
    <property name="jdk.debug" value="release"/>
    <property name="surefire.test.class.path" value="F:\PROJECTS\IDEA\Own\Springcloud\learn01\common-service\target\test-classes;F:\PROJECTS\IDEA\Own\Springcloud\learn01\common-service\target\classes;F:\App\apache-maven-3.9.5\repo\org\springframework\boot\spring-boot-devtools\2.6.2\spring-boot-devtools-2.6.2.jar;F:\App\apache-maven-3.9.5\repo\org\springframework\boot\spring-boot\2.6.2\spring-boot-2.6.2.jar;F:\App\apache-maven-3.9.5\repo\org\springframework\spring-context\5.3.18\spring-context-5.3.18.jar;F:\App\apache-maven-3.9.5\repo\org\springframework\boot\spring-boot-autoconfigure\2.6.2\spring-boot-autoconfigure-2.6.2.jar;F:\App\apache-maven-3.9.5\repo\org\springframework\boot\spring-boot-starter-test\2.6.2\spring-boot-starter-test-2.6.2.jar;F:\App\apache-maven-3.9.5\repo\org\springframework\boot\spring-boot-starter\2.6.2\spring-boot-starter-2.6.2.jar;F:\App\apache-maven-3.9.5\repo\org\springframework\boot\spring-boot-starter-logging\2.6.2\spring-boot-starter-logging-2.6.2.jar;F:\App\apache-maven-3.9.5\repo\ch\qos\logback\logback-classic\1.2.9\logback-classic-1.2.9.jar;F:\App\apache-maven-3.9.5\repo\ch\qos\logback\logback-core\1.2.9\logback-core-1.2.9.jar;F:\App\apache-maven-3.9.5\repo\org\apache\logging\log4j\log4j-to-slf4j\2.17.2\log4j-to-slf4j-2.17.2.jar;F:\App\apache-maven-3.9.5\repo\org\apache\logging\log4j\log4j-api\2.17.2\log4j-api-2.17.2.jar;F:\App\apache-maven-3.9.5\repo\org\slf4j\jul-to-slf4j\1.7.32\jul-to-slf4j-1.7.32.jar;F:\App\apache-maven-3.9.5\repo\jakarta\annotation\jakarta.annotation-api\1.3.5\jakarta.annotation-api-1.3.5.jar;F:\App\apache-maven-3.9.5\repo\org\yaml\snakeyaml\1.29\snakeyaml-1.29.jar;F:\App\apache-maven-3.9.5\repo\org\springframework\boot\spring-boot-test\2.6.2\spring-boot-test-2.6.2.jar;F:\App\apache-maven-3.9.5\repo\org\springframework\boot\spring-boot-test-autoconfigure\2.6.2\spring-boot-test-autoconfigure-2.6.2.jar;F:\App\apache-maven-3.9.5\repo\com\jayway\jsonpath\json-path\2.6.0\json-path-2.6.0.jar;F:\App\apache-maven-3.9.5\repo\net\minidev\json-smart\2.4.7\json-smart-2.4.7.jar;F:\App\apache-maven-3.9.5\repo\net\minidev\accessors-smart\2.4.7\accessors-smart-2.4.7.jar;F:\App\apache-maven-3.9.5\repo\org\ow2\asm\asm\9.1\asm-9.1.jar;F:\App\apache-maven-3.9.5\repo\org\slf4j\slf4j-api\1.7.32\slf4j-api-1.7.32.jar;F:\App\apache-maven-3.9.5\repo\jakarta\xml\bind\jakarta.xml.bind-api\2.3.3\jakarta.xml.bind-api-2.3.3.jar;F:\App\apache-maven-3.9.5\repo\jakarta\activation\jakarta.activation-api\1.2.2\jakarta.activation-api-1.2.2.jar;F:\App\apache-maven-3.9.5\repo\org\assertj\assertj-core\3.21.0\assertj-core-3.21.0.jar;F:\App\apache-maven-3.9.5\repo\org\hamcrest\hamcrest\2.2\hamcrest-2.2.jar;F:\App\apache-maven-3.9.5\repo\org\junit\jupiter\junit-jupiter\5.8.2\junit-jupiter-5.8.2.jar;F:\App\apache-maven-3.9.5\repo\org\junit\jupiter\junit-jupiter-api\5.8.2\junit-jupiter-api-5.8.2.jar;F:\App\apache-maven-3.9.5\repo\org\opentest4j\opentest4j\1.2.0\opentest4j-1.2.0.jar;F:\App\apache-maven-3.9.5\repo\org\junit\platform\junit-platform-commons\1.8.2\junit-platform-commons-1.8.2.jar;F:\App\apache-maven-3.9.5\repo\org\apiguardian\apiguardian-api\1.1.2\apiguardian-api-1.1.2.jar;F:\App\apache-maven-3.9.5\repo\org\junit\jupiter\junit-jupiter-params\5.8.2\junit-jupiter-params-5.8.2.jar;F:\App\apache-maven-3.9.5\repo\org\junit\jupiter\junit-jupiter-engine\5.8.2\junit-jupiter-engine-5.8.2.jar;F:\App\apache-maven-3.9.5\repo\org\junit\platform\junit-platform-engine\1.8.2\junit-platform-engine-1.8.2.jar;F:\App\apache-maven-3.9.5\repo\org\mockito\mockito-core\4.0.0\mockito-core-4.0.0.jar;F:\App\apache-maven-3.9.5\repo\net\bytebuddy\byte-buddy\1.11.22\byte-buddy-1.11.22.jar;F:\App\apache-maven-3.9.5\repo\net\bytebuddy\byte-buddy-agent\1.11.22\byte-buddy-agent-1.11.22.jar;F:\App\apache-maven-3.9.5\repo\org\objenesis\objenesis\3.2\objenesis-3.2.jar;F:\App\apache-maven-3.9.5\repo\org\mockito\mockito-junit-jupiter\4.0.0\mockito-junit-jupiter-4.0.0.jar;F:\App\apache-maven-3.9.5\repo\org\skyscreamer\jsonassert\1.5.0\jsonassert-1.5.0.jar;F:\App\apache-maven-3.9.5\repo\com\vaadin\external\google\android-json\0.0.20131108.vaadin1\android-json-0.0.20131108.vaadin1.jar;F:\App\apache-maven-3.9.5\repo\org\springframework\spring-core\5.3.18\spring-core-5.3.18.jar;F:\App\apache-maven-3.9.5\repo\org\springframework\spring-jcl\5.3.18\spring-jcl-5.3.18.jar;F:\App\apache-maven-3.9.5\repo\org\springframework\spring-test\5.3.18\spring-test-5.3.18.jar;F:\App\apache-maven-3.9.5\repo\org\xmlunit\xmlunit-core\2.8.4\xmlunit-core-2.8.4.jar;F:\App\apache-maven-3.9.5\repo\org\springframework\boot\spring-boot-starter-web\2.6.2\spring-boot-starter-web-2.6.2.jar;F:\App\apache-maven-3.9.5\repo\org\springframework\boot\spring-boot-starter-json\2.6.2\spring-boot-starter-json-2.6.2.jar;F:\App\apache-maven-3.9.5\repo\com\fasterxml\jackson\core\jackson-databind\2.13.2.2\jackson-databind-2.13.2.2.jar;F:\App\apache-maven-3.9.5\repo\com\fasterxml\jackson\core\jackson-annotations\2.13.2\jackson-annotations-2.13.2.jar;F:\App\apache-maven-3.9.5\repo\com\fasterxml\jackson\core\jackson-core\2.13.2\jackson-core-2.13.2.jar;F:\App\apache-maven-3.9.5\repo\com\fasterxml\jackson\datatype\jackson-datatype-jdk8\2.13.2\jackson-datatype-jdk8-2.13.2.jar;F:\App\apache-maven-3.9.5\repo\com\fasterxml\jackson\datatype\jackson-datatype-jsr310\2.13.2\jackson-datatype-jsr310-2.13.2.jar;F:\App\apache-maven-3.9.5\repo\com\fasterxml\jackson\module\jackson-module-parameter-names\2.13.2\jackson-module-parameter-names-2.13.2.jar;F:\App\apache-maven-3.9.5\repo\org\springframework\boot\spring-boot-starter-tomcat\2.6.2\spring-boot-starter-tomcat-2.6.2.jar;F:\App\apache-maven-3.9.5\repo\org\apache\tomcat\embed\tomcat-embed-core\9.0.56\tomcat-embed-core-9.0.56.jar;F:\App\apache-maven-3.9.5\repo\org\apache\tomcat\embed\tomcat-embed-el\9.0.56\tomcat-embed-el-9.0.56.jar;F:\App\apache-maven-3.9.5\repo\org\apache\tomcat\embed\tomcat-embed-websocket\9.0.56\tomcat-embed-websocket-9.0.56.jar;F:\App\apache-maven-3.9.5\repo\org\springframework\spring-web\5.3.18\spring-web-5.3.18.jar;F:\App\apache-maven-3.9.5\repo\org\springframework\spring-beans\5.3.18\spring-beans-5.3.18.jar;F:\App\apache-maven-3.9.5\repo\org\springframework\spring-webmvc\5.3.18\spring-webmvc-5.3.18.jar;F:\App\apache-maven-3.9.5\repo\org\springframework\spring-aop\5.3.18\spring-aop-5.3.18.jar;F:\App\apache-maven-3.9.5\repo\org\springframework\spring-expression\5.3.18\spring-expression-5.3.18.jar;F:\App\apache-maven-3.9.5\repo\org\projectlombok\lombok\1.18.4\lombok-1.18.4.jar;F:\App\apache-maven-3.9.5\repo\cn\hutool\hutool-all\5.3.1\hutool-all-5.3.1.jar;F:\App\apache-maven-3.9.5\repo\mysql\mysql-connector-java\8.0.11\mysql-connector-java-8.0.11.jar;F:\App\apache-maven-3.9.5\repo\com\google\protobuf\protobuf-java\2.6.0\protobuf-java-2.6.0.jar;F:\App\apache-maven-3.9.5\repo\com\alibaba\druid\1.1.10\druid-1.1.10.jar;F:\App\apache-maven-3.9.5\repo\com\baomidou\mybatis-plus-boot-starter\3.5.1\mybatis-plus-boot-starter-3.5.1.jar;F:\App\apache-maven-3.9.5\repo\com\baomidou\mybatis-plus\3.5.1\mybatis-plus-3.5.1.jar;F:\App\apache-maven-3.9.5\repo\com\baomidou\mybatis-plus-extension\3.5.1\mybatis-plus-extension-3.5.1.jar;F:\App\apache-maven-3.9.5\repo\com\baomidou\mybatis-plus-core\3.5.1\mybatis-plus-core-3.5.1.jar;F:\App\apache-maven-3.9.5\repo\com\baomidou\mybatis-plus-annotation\3.5.1\mybatis-plus-annotation-3.5.1.jar;F:\App\apache-maven-3.9.5\repo\com\github\jsqlparser\jsqlparser\4.3\jsqlparser-4.3.jar;F:\App\apache-maven-3.9.5\repo\org\mybatis\mybatis\3.5.9\mybatis-3.5.9.jar;F:\App\apache-maven-3.9.5\repo\org\mybatis\mybatis-spring\2.0.6\mybatis-spring-2.0.6.jar;F:\App\apache-maven-3.9.5\repo\org\springframework\boot\spring-boot-starter-jdbc\2.6.2\spring-boot-starter-jdbc-2.6.2.jar;F:\App\apache-maven-3.9.5\repo\com\zaxxer\HikariCP\4.0.3\HikariCP-4.0.3.jar;F:\App\apache-maven-3.9.5\repo\org\springframework\spring-jdbc\5.3.18\spring-jdbc-5.3.18.jar;F:\App\apache-maven-3.9.5\repo\org\springframework\spring-tx\5.3.18\spring-tx-5.3.18.jar;"/>
    <property name="sun.cpu.endian" value="little"/>
    <property name="user.home" value="C:\Users\10179"/>
    <property name="user.language" value="zh"/>
    <property name="java.specification.vendor" value="Oracle Corporation"/>
    <property name="java.version.date" value="2023-07-18"/>
    <property name="java.home" value="F:\App\Java\jdk-11.0.20"/>
    <property name="file.separator" value="\"/>
    <property name="basedir" value="F:\PROJECTS\IDEA\Own\Springcloud\learn01\common-service"/>
    <property name="java.vm.compressedOopsMode" value="Zero based"/>
    <property name="line.separator" value="&#10;"/>
    <property name="java.specification.name" value="Java Platform API Specification"/>
    <property name="java.vm.specification.vendor" value="Oracle Corporation"/>
    <property name="java.awt.graphicsenv" value="sun.awt.Win32GraphicsEnvironment"/>
    <property name="surefire.real.class.path" value="C:\Users\10179\AppData\Local\Temp\surefire2686372211855677749\surefirebooter17153057090392798524.jar"/>
    <property name="user.script" value=""/>
    <property name="sun.management.compiler" value="HotSpot 64-Bit Tiered Compilers"/>
    <property name="java.runtime.version" value="11.0.20+9-LTS-256"/>
    <property name="user.name" value="10179"/>
    <property name="path.separator" value=";"/>
    <property name="os.version" value="10.0"/>
    <property name="java.runtime.name" value="Java(TM) SE Runtime Environment"/>
    <property name="file.encoding" value="GBK"/>
    <property name="java.vm.name" value="Java HotSpot(TM) 64-Bit Server VM"/>
    <property name="java.vendor.version" value="18.9"/>
    <property name="localRepository" value="F:\App\apache-maven-3.9.5\repo"/>
    <property name="java.vendor.url.bug" value="https://bugreport.java.com/bugreport/"/>
    <property name="java.io.tmpdir" value="C:\Users\10179\AppData\Local\Temp\"/>
    <property name="idea.version" value="2023.3.3"/>
    <property name="java.version" value="11.0.20"/>
    <property name="user.dir" value="F:\PROJECTS\IDEA\Own\Springcloud\learn01\common-service"/>
    <property name="os.arch" value="amd64"/>
    <property name="java.vm.specification.name" value="Java Virtual Machine Specification"/>
    <property name="java.awt.printerjob" value="sun.awt.windows.WPrinterJob"/>
    <property name="sun.os.patch.level" value=""/>
    <property name="java.library.path" value="F:\App\Java\jdk-11.0.20\bin;C:\Windows\Sun\Java\bin;C:\Windows\system32;C:\Windows;C:\Program Files\Pandoc\;G:\VMWARE\vm\bin\;F:\App\mysql-8.0.35-winx64\bin;C:\Windows\system32;C:\Windows;C:\Windows\System32\Wbem;C:\Windows\System32\WindowsPowerShell\v1.0\;C:\Windows\System32\OpenSSH\;F:\App\nodejs\;F:\App\Git\Git\cmd;C:\Program Files (x86)\NVIDIA Corporation\PhysX\Common;C:\Program Files\NVIDIA Corporation\NVIDIA NvDLISR;D:\微信web开发者工具\dll;F:\App\Java\jdk17\bin;F:\App\Java\jdk-11.0.20\bin;F:\App\Java\jdk1.8.0_131\bin;C:\Users\10179\AppData\Local\Microsoft\WindowsApps;?F:\App\nodejs\npm;C:\Users\10179\AppData\Local\Programs\Microsoft VS Code\bin;."/>
    <property name="java.vendor" value="Oracle Corporation"/>
    <property name="java.vm.info" value="mixed mode"/>
    <property name="java.vm.version" value="11.0.20+9-LTS-256"/>
    <property name="java.specification.maintenance.version" value="2"/>
    <property name="sun.io.unicode.encoding" value="UnicodeLittle"/>
    <property name="maven.repo.local" value="F:\App\apache-maven-3.9.5\repo"/>
    <property name="java.class.version" value="55.0"/>
  </properties>
  <testcase name="test" classname="com.chenyu.OrderMapperTest" time="0.31"/>
</testsuite>